<?xml version="1.0" encoding="UTF-8"?>
<testsuite xmlns:xsi="http://www.w3.org/2001/XMLSchema-instance" xsi:noNamespaceSchemaLocation="https://maven.apache.org/surefire/maven-surefire-plugin/xsd/surefire-test-report-3.0.xsd" version="3.0" name="Runner.RunnerTest" time="207.367" tests="7" errors="0" skipped="0" failures="2">
  <properties>
[...]
</properties>
  <testcase name="feature[Api demos Tasks Accessiblity](1)" classname="Runner.RunnerTest" time="32.44">
    <failure message="java.lang.AssertionError: expected [Custom Views] but found [Custom View]" type="cucumber.runtime.CucumberException"><![CDATA[cucumber.runtime.CucumberException: java.lang.AssertionError: expected [Custom Views] but found [Custom View]
Caused by: java.lang.AssertionError: expected [Custom Views] but found [Custom View]
]]></failure>
    <system-out><![CDATA[
Custom View
]]></system-out>
    <system-err><![CDATA[Nov 14, 2022 8:51:30 PM io.appium.java_client.remote.AppiumCommandExecutor$1 lambda$0
INFO: Detected dialect: W3C
log4j:WARN No appenders could be found for logger (ExitTestAssignment).
log4j:WARN Please initialize the log4j system properly.
log4j:WARN See http://logging.apache.org/log4j/1.2/faq.html#noconfig for more info.
]]></system-err>
  </testcase>
  <testcase name="feature[Api demos Tasks Animation](2)" classname="Runner.RunnerTest" time="28.478">
    <failure message="java.lang.AssertionError: expected [Animation] but found [PLAY]" type="cucumber.runtime.CucumberException"><![CDATA[cucumber.runtime.CucumberException: java.lang.AssertionError: expected [Animation] but found [PLAY]
Caused by: java.lang.AssertionError: expected [Animation] but found [PLAY]
]]></failure>
    <system-out><![CDATA[PLAY
]]></system-out>
    <system-err><![CDATA[Nov 14, 2022 8:51:53 PM io.appium.java_client.remote.AppiumCommandExecutor$1 lambda$0
INFO: Detected dialect: W3C
]]></system-err>
  </testcase>
  <testcase name="feature[Api demos Tasks App](3)" classname="Runner.RunnerTest" time="28.582">
    <system-err><![CDATA[Nov 14, 2022 8:52:23 PM io.appium.java_client.remote.AppiumCommandExecutor$1 lambda$0
INFO: Detected dialect: W3C
]]></system-err>
  </testcase>
  <testcase name="feature[Api demos Tasks Content](4)" classname="Runner.RunnerTest" time="29.389">
    <system-out><![CDATA[Read Asset
]]></system-out>
    <system-err><![CDATA[Nov 14, 2022 8:52:51 PM io.appium.java_client.remote.AppiumCommandExecutor$1 lambda$0
INFO: Detected dialect: W3C
]]></system-err>
  </testcase>
  <testcase name="feature[Api demos Tasks Graphics](5)" classname="Runner.RunnerTest" time="27.663">
    <system-out><![CDATA[AnimateDrawables
]]></system-out>
    <system-err><![CDATA[Nov 14, 2022 8:53:21 PM io.appium.java_client.remote.AppiumCommandExecutor$1 lambda$0
INFO: Detected dialect: W3C
]]></system-err>
  </testcase>
  <testcase name="feature[Api demos Tasks Hardware](6)" classname="Runner.RunnerTest" time="30.202">
    <system-out><![CDATA[GET CARRIER FREQUENCIES
]]></system-out>
    <system-err><![CDATA[Nov 14, 2022 8:53:50 PM io.appium.java_client.remote.AppiumCommandExecutor$1 lambda$0
INFO: Detected dialect: W3C
]]></system-err>
  </testcase>
  <testcase name="feature[Api demos Tasks Media](7)" classname="Runner.RunnerTest" time="29.333">
    <system-out><![CDATA[PLAY VIDEO FROM LOCAL FILE
]]></system-out>
    <system-err><![CDATA[Nov 14, 2022 8:54:19 PM io.appium.java_client.remote.AppiumCommandExecutor$1 lambda$0
INFO: Detected dialect: W3C
]]></system-err>
  </testcase>
</testsuite>